<?xml version="1.0" encoding="UTF-8"?>
<!-- Generated by org.testng.reporters.JUnitXMLReporter -->
<testsuite hostname="TJ" ignored="0" name="Default test" tests="1" failures="0" timestamp="2023-06-08T14:42:31 IST" time="0.04" errors="0">
  <testcase name="@BeforeClass initialiSetup" time="-1.686215550984E9" classname="org.Manipal.testCases.TestCase1">
    <failure type="org.testng.TestNGException" message="
Parameter &amp;apos;Port&amp;apos; is required by BeforeClass on method initialiSetup but has not been marked @Optional or defined
in C:\Users\TJ\AppData\Local\Temp\testng-eclipse-671243462\testng-customsuite.xml">
      <![CDATA[org.testng.TestNGException: 
Parameter 'Port' is required by BeforeClass on method initialiSetup but has not been marked @Optional or defined
in C:\Users\TJ\AppData\Local\Temp\testng-eclipse-671243462\testng-customsuite.xml
at org.testng.internal.Parameters.createParams(Parameters.java:270)
at org.testng.internal.Parameters.createParametersForMethod(Parameters.java:358)
at org.testng.internal.Parameters.createParameters(Parameters.java:700)
at org.testng.internal.Parameters.createConfigurationParameters(Parameters.java:168)
at org.testng.internal.ConfigInvoker.invokeConfigurations(ConfigInvoker.java:302)
at org.testng.internal.TestMethodWorker.invokeBeforeClassMethods(TestMethodWorker.java:176)
at org.testng.internal.TestMethodWorker.run(TestMethodWorker.java:122)
at java.util.ArrayList.forEach(Unknown Source)
at org.testng.TestRunner.privateRun(TestRunner.java:794)
at org.testng.TestRunner.run(TestRunner.java:596)
at org.testng.SuiteRunner.runTest(SuiteRunner.java:377)
at org.testng.SuiteRunner.runSequentially(SuiteRunner.java:371)
at org.testng.SuiteRunner.privateRun(SuiteRunner.java:332)
at org.testng.SuiteRunner.run(SuiteRunner.java:276)
at org.testng.SuiteRunnerWorker.runSuite(SuiteRunnerWorker.java:53)
at org.testng.SuiteRunnerWorker.run(SuiteRunnerWorker.java:96)
at org.testng.TestNG.runSuitesSequentially(TestNG.java:1212)
at org.testng.TestNG.runSuitesLocally(TestNG.java:1134)
at org.testng.TestNG.runSuites(TestNG.java:1063)
at org.testng.TestNG.run(TestNG.java:1031)
at org.testng.remote.AbstractRemoteTestNG.run(AbstractRemoteTestNG.java:115)
at org.testng.remote.RemoteTestNG.initAndRun(RemoteTestNG.java:251)
at org.testng.remote.RemoteTestNG.main(RemoteTestNG.java:77)
]]>
    </failure>
  </testcase> <!-- @BeforeClass initialiSetup -->
  <testcase name="@AfterMethod tearDown" time="-1.686215551005E9" classname="utils.Prac">
    <skipped/>
  </testcase> <!-- @AfterMethod tearDown -->
  <testcase name="scenario1" time="0.0" classname="org.Manipal.testCases.TestCase1">
    <skipped/>
  </testcase> <!-- scenario1 -->
</testsuite> <!-- Default test -->
